2020-12-02 17:23:55.139  INFO 13868 --- [restartedMain] .i.InternshipmanagementsystemApplication : Starting InternshipmanagementsystemApplication on DESKTOP-FVUTKF5 with PID 13868 (D:\HW\internshipmanagementsystem\target\classes started by ikenn in D:\HW\internshipmanagementsystem)
2020-12-02 17:23:55.149  INFO 13868 --- [restartedMain] .i.InternshipmanagementsystemApplication : The following profiles are active: dev
2020-12-02 17:23:55.216  INFO 13868 --- [restartedMain] .e.DevToolsPropertyDefaultsPostProcessor : Devtools property defaults active! Set 'spring.devtools.add-properties' to 'false' to disable
2020-12-02 17:23:55.217  INFO 13868 --- [restartedMain] .e.DevToolsPropertyDefaultsPostProcessor : For additional web related logging consider setting the 'logging.level.web' property to 'DEBUG'
2020-12-02 17:23:56.808  INFO 13868 --- [restartedMain] .s.d.r.c.RepositoryConfigurationDelegate : Multiple Spring Data modules found, entering strict repository configuration mode!
2020-12-02 17:23:56.811  INFO 13868 --- [restartedMain] .s.d.r.c.RepositoryConfigurationDelegate : Bootstrapping Spring Data Redis repositories in DEFAULT mode.
2020-12-02 17:23:56.842  INFO 13868 --- [restartedMain] .s.d.r.c.RepositoryConfigurationDelegate : Finished Spring Data repository scanning in 19ms. Found 0 Redis repository interfaces.
2020-12-02 17:23:57.490  INFO 13868 --- [restartedMain] trationDelegate$BeanPostProcessorChecker : Bean 'org.springframework.security.access.expression.method.DefaultMethodSecurityExpressionHandler@44ecfd44' of type [org.springframework.security.access.expression.method.DefaultMethodSecurityExpressionHandler] is not eligible for getting processed by all BeanPostProcessors (for example: not eligible for auto-proxying)
2020-12-02 17:23:57.500  INFO 13868 --- [restartedMain] trationDelegate$BeanPostProcessorChecker : Bean 'methodSecurityMetadataSource' of type [org.springframework.security.access.method.DelegatingMethodSecurityMetadataSource] is not eligible for getting processed by all BeanPostProcessors (for example: not eligible for auto-proxying)
2020-12-02 17:23:57.513  INFO 13868 --- [restartedMain] trationDelegate$BeanPostProcessorChecker : Bean 'redisConfig' of type [cn.kinzh.internshipmanagementsystem.common.config.RedisConfig$$EnhancerBySpringCGLIB$$15874c13] is not eligible for getting processed by all BeanPostProcessors (for example: not eligible for auto-proxying)
2020-12-02 17:23:57.865  INFO 13868 --- [restartedMain] o.s.b.w.embedded.tomcat.TomcatWebServer  : Tomcat initialized with port(s): 8081 (http)
2020-12-02 17:23:57.878  INFO 13868 --- [restartedMain] o.apache.catalina.core.StandardService   : Starting service [Tomcat]
2020-12-02 17:23:57.878  INFO 13868 --- [restartedMain] org.apache.catalina.core.StandardEngine  : Starting Servlet engine: [Apache Tomcat/9.0.36]
2020-12-02 17:23:57.959  INFO 13868 --- [restartedMain] o.a.c.c.C.[Tomcat].[localhost].[/]       : Initializing Spring embedded WebApplicationContext
2020-12-02 17:23:57.959  INFO 13868 --- [restartedMain] w.s.c.ServletWebServerApplicationContext : Root WebApplicationContext: initialization completed in 2742 ms
2020-12-02 17:23:58.125  INFO 13868 --- [restartedMain] c.a.d.s.b.a.DruidDataSourceAutoConfigure : Init DruidDataSource
2020-12-02 17:23:59.141  INFO 13868 --- [restartedMain] com.alibaba.druid.pool.DruidDataSource   : {dataSource-1} inited
2020-12-02 17:24:01.105  INFO 13868 --- [restartedMain] pertySourcedRequestMappingHandlerMapping : Mapped URL path [/v2/api-docs] onto method [springfox.documentation.swagger2.web.Swagger2Controller#getDocumentation(String, HttpServletRequest)]
2020-12-02 17:24:01.293  INFO 13868 --- [restartedMain] o.s.s.web.DefaultSecurityFilterChain     : Creating filter chain: Ant [pattern='/swagger-resources/**', GET], []
2020-12-02 17:24:01.294  INFO 13868 --- [restartedMain] o.s.s.web.DefaultSecurityFilterChain     : Creating filter chain: Ant [pattern='/PearAdmin/**', GET], []
2020-12-02 17:24:01.294  INFO 13868 --- [restartedMain] o.s.s.web.DefaultSecurityFilterChain     : Creating filter chain: Ant [pattern='/component/**', GET], []
2020-12-02 17:24:01.294  INFO 13868 --- [restartedMain] o.s.s.web.DefaultSecurityFilterChain     : Creating filter chain: Ant [pattern='/admin/**', GET], []
2020-12-02 17:24:01.295  INFO 13868 --- [restartedMain] o.s.s.web.DefaultSecurityFilterChain     : Creating filter chain: Ant [pattern='/**/*.html', GET], []
2020-12-02 17:24:01.295  INFO 13868 --- [restartedMain] o.s.s.web.DefaultSecurityFilterChain     : Creating filter chain: Ant [pattern='/**/*.css', GET], []
2020-12-02 17:24:01.295  INFO 13868 --- [restartedMain] o.s.s.web.DefaultSecurityFilterChain     : Creating filter chain: Ant [pattern='/**/*.js', GET], []
2020-12-02 17:24:01.295  INFO 13868 --- [restartedMain] o.s.s.web.DefaultSecurityFilterChain     : Creating filter chain: Ant [pattern='/swagger-ui.html', GET], []
2020-12-02 17:24:01.296  INFO 13868 --- [restartedMain] o.s.s.web.DefaultSecurityFilterChain     : Creating filter chain: Ant [pattern='/webjars/**', GET], []
2020-12-02 17:24:01.296  INFO 13868 --- [restartedMain] o.s.s.web.DefaultSecurityFilterChain     : Creating filter chain: Ant [pattern='/v2/**', GET], []
2020-12-02 17:24:01.296  INFO 13868 --- [restartedMain] o.s.s.web.DefaultSecurityFilterChain     : Creating filter chain: Ant [pattern='/druid/**', GET], []
2020-12-02 17:24:01.417  INFO 13868 --- [restartedMain] o.s.s.web.DefaultSecurityFilterChain     : Creating filter chain: any request, [org.springframework.security.web.context.request.async.WebAsyncManagerIntegrationFilter@54f08d6c, org.springframework.security.web.context.SecurityContextPersistenceFilter@65d5967b, org.springframework.security.web.header.HeaderWriterFilter@4b1ca9fc, org.springframework.security.web.authentication.logout.LogoutFilter@24d7b766, cn.kinzh.internshipmanagementsystem.security.filter.VerifyCodeFilter@3584dcff, org.springframework.security.web.authentication.UsernamePasswordAuthenticationFilter@21644537, org.springframework.security.web.authentication.www.BasicAuthenticationFilter@22f8b0da, org.springframework.security.web.savedrequest.RequestCacheAwareFilter@6ebad5fa, org.springframework.security.web.servletapi.SecurityContextHolderAwareRequestFilter@1b46b796, org.springframework.security.web.authentication.rememberme.RememberMeAuthenticationFilter@698bd396, org.springframework.security.web.authentication.AnonymousAuthenticationFilter@57be2738, org.springframework.security.web.session.SessionManagementFilter@17116e40, org.springframework.security.web.access.ExceptionTranslationFilter@2edabdf0, org.springframework.security.web.access.intercept.FilterSecurityInterceptor@ccad41f]
2020-12-02 17:24:01.623  INFO 13868 --- [restartedMain] o.s.s.concurrent.ThreadPoolTaskExecutor  : Initializing ExecutorService 'applicationTaskExecutor'
2020-12-02 17:24:01.712  INFO 13868 --- [restartedMain] o.s.b.d.a.OptionalLiveReloadServer       : LiveReload server is running on port 35729
2020-12-02 17:24:01.755  INFO 13868 --- [restartedMain] o.s.b.a.w.s.WelcomePageHandlerMapping    : Adding welcome page template: index
2020-12-02 17:24:02.312  INFO 13868 --- [restartedMain] o.s.b.w.embedded.tomcat.TomcatWebServer  : Tomcat started on port(s): 8081 (http) with context path ''
2020-12-02 17:24:02.313  INFO 13868 --- [restartedMain] d.s.w.p.DocumentationPluginsBootstrapper : Context refreshed
2020-12-02 17:24:02.329  INFO 13868 --- [restartedMain] d.s.w.p.DocumentationPluginsBootstrapper : Found 1 custom documentation plugin(s)
2020-12-02 17:24:02.384  INFO 13868 --- [restartedMain] s.d.s.w.s.ApiListingReferenceScanner     : Scanning for api listing references
2020-12-02 17:24:02.576  INFO 13868 --- [restartedMain] .d.s.w.r.o.CachingOperationNameGenerator : Generating unique operation named: changeStatusUsingPUT_1
2020-12-02 17:24:02.583  INFO 13868 --- [restartedMain] .d.s.w.r.o.CachingOperationNameGenerator : Generating unique operation named: deleteRoleUsingDELETE_1
2020-12-02 17:24:02.594  INFO 13868 --- [restartedMain] .d.s.w.r.o.CachingOperationNameGenerator : Generating unique operation named: indexUsingGET_1
2020-12-02 17:24:02.618  INFO 13868 --- [restartedMain] .d.s.w.r.o.CachingOperationNameGenerator : Generating unique operation named: deleteDictUsingDELETE_1
2020-12-02 17:24:02.651  INFO 13868 --- [restartedMain] .d.s.w.r.o.CachingOperationNameGenerator : Generating unique operation named: editPermissionUsingGET_1
2020-12-02 17:24:02.653  INFO 13868 --- [restartedMain] .d.s.w.r.o.CachingOperationNameGenerator : Generating unique operation named: indexUsingGET_2
2020-12-02 17:24:02.661  INFO 13868 --- [restartedMain] .d.s.w.r.o.CachingOperationNameGenerator : Generating unique operation named: savePermissionUsingPOST_1
2020-12-02 17:24:02.662  INFO 13868 --- [restartedMain] .d.s.w.r.o.CachingOperationNameGenerator : Generating unique operation named: updateMenuUsingPUT_1
2020-12-02 17:24:02.672  INFO 13868 --- [restartedMain] .d.s.w.r.o.CachingOperationNameGenerator : Generating unique operation named: deleteRoleUsingDELETE_2
2020-12-02 17:24:02.674  INFO 13868 --- [restartedMain] .d.s.w.r.o.CachingOperationNameGenerator : Generating unique operation named: editRoleUsingGET_1
2020-12-02 17:24:02.690  INFO 13868 --- [restartedMain] .d.s.w.r.o.CachingOperationNameGenerator : Generating unique operation named: changeStatusUsingPUT_2
2020-12-02 17:24:02.775  INFO 13868 --- [restartedMain] .i.InternshipmanagementsystemApplication : Started InternshipmanagementsystemApplication in 8.198 seconds (JVM running for 9.47)
2020-12-02 17:24:07.155  INFO 13868 --- [http-nio-8081-exec-1] o.a.c.c.C.[Tomcat].[localhost].[/]       : Initializing Spring DispatcherServlet 'dispatcherServlet'
2020-12-02 17:24:07.156  INFO 13868 --- [http-nio-8081-exec-1] o.s.web.servlet.DispatcherServlet        : Initializing Servlet 'dispatcherServlet'
2020-12-02 17:24:07.177  INFO 13868 --- [http-nio-8081-exec-1] o.s.web.servlet.DispatcherServlet        : Completed initialization in 20 ms
2020-12-02 17:24:07.568  WARN 13868 --- [http-nio-8081-exec-1] o.a.c.util.SessionIdGeneratorBase        : Creation of SecureRandom instance for session ID generation using [SHA1PRNG] took [144] milliseconds.
2020-12-02 17:26:21.376  INFO 1640 --- [restartedMain] .i.InternshipmanagementsystemApplication : Starting InternshipmanagementsystemApplication on DESKTOP-FVUTKF5 with PID 1640 (D:\HW\internshipmanagementsystem\target\classes started by ikenn in D:\HW\internshipmanagementsystem)
2020-12-02 17:26:21.379  INFO 1640 --- [restartedMain] .i.InternshipmanagementsystemApplication : The following profiles are active: dev
2020-12-02 17:26:21.429  INFO 1640 --- [restartedMain] .e.DevToolsPropertyDefaultsPostProcessor : Devtools property defaults active! Set 'spring.devtools.add-properties' to 'false' to disable
2020-12-02 17:26:21.430  INFO 1640 --- [restartedMain] .e.DevToolsPropertyDefaultsPostProcessor : For additional web related logging consider setting the 'logging.level.web' property to 'DEBUG'
2020-12-02 17:26:22.842  INFO 1640 --- [restartedMain] .s.d.r.c.RepositoryConfigurationDelegate : Multiple Spring Data modules found, entering strict repository configuration mode!
2020-12-02 17:26:22.844  INFO 1640 --- [restartedMain] .s.d.r.c.RepositoryConfigurationDelegate : Bootstrapping Spring Data Redis repositories in DEFAULT mode.
2020-12-02 17:26:22.881  INFO 1640 --- [restartedMain] .s.d.r.c.RepositoryConfigurationDelegate : Finished Spring Data repository scanning in 24ms. Found 0 Redis repository interfaces.
2020-12-02 17:26:23.607  INFO 1640 --- [restartedMain] trationDelegate$BeanPostProcessorChecker : Bean 'org.springframework.security.access.expression.method.DefaultMethodSecurityExpressionHandler@71d6f042' of type [org.springframework.security.access.expression.method.DefaultMethodSecurityExpressionHandler] is not eligible for getting processed by all BeanPostProcessors (for example: not eligible for auto-proxying)
2020-12-02 17:26:23.623  INFO 1640 --- [restartedMain] trationDelegate$BeanPostProcessorChecker : Bean 'methodSecurityMetadataSource' of type [org.springframework.security.access.method.DelegatingMethodSecurityMetadataSource] is not eligible for getting processed by all BeanPostProcessors (for example: not eligible for auto-proxying)
2020-12-02 17:26:23.638  INFO 1640 --- [restartedMain] trationDelegate$BeanPostProcessorChecker : Bean 'redisConfig' of type [cn.kinzh.internshipmanagementsystem.common.config.RedisConfig$$EnhancerBySpringCGLIB$$aafdc3dd] is not eligible for getting processed by all BeanPostProcessors (for example: not eligible for auto-proxying)
2020-12-02 17:26:24.091  INFO 1640 --- [restartedMain] o.s.b.w.embedded.tomcat.TomcatWebServer  : Tomcat initialized with port(s): 8081 (http)
2020-12-02 17:26:24.100  INFO 1640 --- [restartedMain] o.apache.catalina.core.StandardService   : Starting service [Tomcat]
2020-12-02 17:26:24.101  INFO 1640 --- [restartedMain] org.apache.catalina.core.StandardEngine  : Starting Servlet engine: [Apache Tomcat/9.0.36]
2020-12-02 17:26:24.201  INFO 1640 --- [restartedMain] o.a.c.c.C.[Tomcat].[localhost].[/]       : Initializing Spring embedded WebApplicationContext
2020-12-02 17:26:24.203  INFO 1640 --- [restartedMain] w.s.c.ServletWebServerApplicationContext : Root WebApplicationContext: initialization completed in 2773 ms
2020-12-02 17:26:24.320  INFO 1640 --- [restartedMain] c.a.d.s.b.a.DruidDataSourceAutoConfigure : Init DruidDataSource
2020-12-02 17:26:24.899  INFO 1640 --- [restartedMain] com.alibaba.druid.pool.DruidDataSource   : {dataSource-1} inited
2020-12-02 17:26:26.418  INFO 1640 --- [restartedMain] pertySourcedRequestMappingHandlerMapping : Mapped URL path [/v2/api-docs] onto method [springfox.documentation.swagger2.web.Swagger2Controller#getDocumentation(String, HttpServletRequest)]
2020-12-02 17:26:26.545  INFO 1640 --- [restartedMain] o.s.s.web.DefaultSecurityFilterChain     : Creating filter chain: Ant [pattern='/swagger-resources/**', GET], []
2020-12-02 17:26:26.545  INFO 1640 --- [restartedMain] o.s.s.web.DefaultSecurityFilterChain     : Creating filter chain: Ant [pattern='/PearAdmin/**', GET], []
2020-12-02 17:26:26.545  INFO 1640 --- [restartedMain] o.s.s.web.DefaultSecurityFilterChain     : Creating filter chain: Ant [pattern='/component/**', GET], []
2020-12-02 17:26:26.545  INFO 1640 --- [restartedMain] o.s.s.web.DefaultSecurityFilterChain     : Creating filter chain: Ant [pattern='/admin/**', GET], []
2020-12-02 17:26:26.545  INFO 1640 --- [restartedMain] o.s.s.web.DefaultSecurityFilterChain     : Creating filter chain: Ant [pattern='/**/*.html', GET], []
2020-12-02 17:26:26.545  INFO 1640 --- [restartedMain] o.s.s.web.DefaultSecurityFilterChain     : Creating filter chain: Ant [pattern='/**/*.css', GET], []
2020-12-02 17:26:26.545  INFO 1640 --- [restartedMain] o.s.s.web.DefaultSecurityFilterChain     : Creating filter chain: Ant [pattern='/**/*.js', GET], []
2020-12-02 17:26:26.545  INFO 1640 --- [restartedMain] o.s.s.web.DefaultSecurityFilterChain     : Creating filter chain: Ant [pattern='/swagger-ui.html', GET], []
2020-12-02 17:26:26.545  INFO 1640 --- [restartedMain] o.s.s.web.DefaultSecurityFilterChain     : Creating filter chain: Ant [pattern='/webjars/**', GET], []
2020-12-02 17:26:26.545  INFO 1640 --- [restartedMain] o.s.s.web.DefaultSecurityFilterChain     : Creating filter chain: Ant [pattern='/v2/**', GET], []
2020-12-02 17:26:26.545  INFO 1640 --- [restartedMain] o.s.s.web.DefaultSecurityFilterChain     : Creating filter chain: Ant [pattern='/druid/**', GET], []
2020-12-02 17:26:26.592  INFO 1640 --- [restartedMain] o.s.s.web.DefaultSecurityFilterChain     : Creating filter chain: any request, [org.springframework.security.web.context.request.async.WebAsyncManagerIntegrationFilter@73def0d2, org.springframework.security.web.context.SecurityContextPersistenceFilter@3727ba0d, org.springframework.security.web.header.HeaderWriterFilter@1d7a7da6, org.springframework.security.web.authentication.logout.LogoutFilter@122856e9, cn.kinzh.internshipmanagementsystem.security.filter.VerifyCodeFilter@555c529, org.springframework.security.web.authentication.UsernamePasswordAuthenticationFilter@9c52f91, org.springframework.security.web.authentication.www.BasicAuthenticationFilter@12d3828, org.springframework.security.web.savedrequest.RequestCacheAwareFilter@8eb309, org.springframework.security.web.servletapi.SecurityContextHolderAwareRequestFilter@54e917d8, org.springframework.security.web.authentication.rememberme.RememberMeAuthenticationFilter@4a72dd9a, org.springframework.security.web.authentication.AnonymousAuthenticationFilter@53c7f09f, org.springframework.security.web.session.SessionManagementFilter@3eff376c, org.springframework.security.web.access.ExceptionTranslationFilter@6db98954, org.springframework.security.web.access.intercept.FilterSecurityInterceptor@e8df0bc]
2020-12-02 17:26:26.773  INFO 1640 --- [restartedMain] o.s.s.concurrent.ThreadPoolTaskExecutor  : Initializing ExecutorService 'applicationTaskExecutor'
2020-12-02 17:26:26.843  INFO 1640 --- [restartedMain] o.s.b.d.a.OptionalLiveReloadServer       : LiveReload server is running on port 35729
2020-12-02 17:26:26.879  INFO 1640 --- [restartedMain] o.s.b.a.w.s.WelcomePageHandlerMapping    : Adding welcome page template: index
2020-12-02 17:26:27.304  INFO 1640 --- [restartedMain] o.s.b.w.embedded.tomcat.TomcatWebServer  : Tomcat started on port(s): 8081 (http) with context path ''
2020-12-02 17:26:27.304  INFO 1640 --- [restartedMain] d.s.w.p.DocumentationPluginsBootstrapper : Context refreshed
2020-12-02 17:26:27.314  INFO 1640 --- [restartedMain] d.s.w.p.DocumentationPluginsBootstrapper : Found 1 custom documentation plugin(s)
2020-12-02 17:26:27.365  INFO 1640 --- [restartedMain] s.d.s.w.s.ApiListingReferenceScanner     : Scanning for api listing references
2020-12-02 17:26:27.578  INFO 1640 --- [restartedMain] .d.s.w.r.o.CachingOperationNameGenerator : Generating unique operation named: changeStatusUsingPUT_1
2020-12-02 17:26:27.584  INFO 1640 --- [restartedMain] .d.s.w.r.o.CachingOperationNameGenerator : Generating unique operation named: deleteRoleUsingDELETE_1
2020-12-02 17:26:27.593  INFO 1640 --- [restartedMain] .d.s.w.r.o.CachingOperationNameGenerator : Generating unique operation named: indexUsingGET_1
2020-12-02 17:26:27.614  INFO 1640 --- [restartedMain] .d.s.w.r.o.CachingOperationNameGenerator : Generating unique operation named: deleteDictUsingDELETE_1
2020-12-02 17:26:27.642  INFO 1640 --- [restartedMain] .d.s.w.r.o.CachingOperationNameGenerator : Generating unique operation named: editPermissionUsingGET_1
2020-12-02 17:26:27.645  INFO 1640 --- [restartedMain] .d.s.w.r.o.CachingOperationNameGenerator : Generating unique operation named: indexUsingGET_2
2020-12-02 17:26:27.651  INFO 1640 --- [restartedMain] .d.s.w.r.o.CachingOperationNameGenerator : Generating unique operation named: savePermissionUsingPOST_1
2020-12-02 17:26:27.653  INFO 1640 --- [restartedMain] .d.s.w.r.o.CachingOperationNameGenerator : Generating unique operation named: updateMenuUsingPUT_1
2020-12-02 17:26:27.661  INFO 1640 --- [restartedMain] .d.s.w.r.o.CachingOperationNameGenerator : Generating unique operation named: deleteRoleUsingDELETE_2
2020-12-02 17:26:27.663  INFO 1640 --- [restartedMain] .d.s.w.r.o.CachingOperationNameGenerator : Generating unique operation named: editRoleUsingGET_1
2020-12-02 17:26:27.679  INFO 1640 --- [restartedMain] .d.s.w.r.o.CachingOperationNameGenerator : Generating unique operation named: changeStatusUsingPUT_2
2020-12-02 17:26:27.706  INFO 1640 --- [restartedMain] .i.InternshipmanagementsystemApplication : Started InternshipmanagementsystemApplication in 6.803 seconds (JVM running for 7.995)
2020-12-02 17:26:30.449  INFO 1640 --- [http-nio-8081-exec-2] o.a.c.c.C.[Tomcat].[localhost].[/]       : Initializing Spring DispatcherServlet 'dispatcherServlet'
2020-12-02 17:26:30.450  INFO 1640 --- [http-nio-8081-exec-2] o.s.web.servlet.DispatcherServlet        : Initializing Servlet 'dispatcherServlet'
2020-12-02 17:26:30.465  INFO 1640 --- [http-nio-8081-exec-2] o.s.web.servlet.DispatcherServlet        : Completed initialization in 15 ms
2020-12-02 17:26:30.791  WARN 1640 --- [http-nio-8081-exec-2] o.a.c.util.SessionIdGeneratorBase        : Creation of SecureRandom instance for session ID generation using [SHA1PRNG] took [138] milliseconds.
